# JRE version: Java(TM) SE Runtime Environment (8.0_102-b14) (build 1.8.0_102-b14)
# Java VM: Java HotSpot(TM) Client VM (25.102-b14 mixed mode windows-x86 )
Heap:
 def new generation   total 70336K, used 13307K [0x05600000, 0x0a250000, 0x1ab50000)
  eden space 62528K,  17% used [0x05600000, 0x06069778, 0x09310000)
  from space 7808K,  33% used [0x09310000, 0x095a5510, 0x09ab0000)
  to   space 7808K,   0% used [0x09ab0000, 0x09ab0000, 0x0a250000)
 tenured generation   total 156136K, used 106719K [0x1ab50000, 0x243ca000, 0x45600000)
   the space 156136K,  68% used [0x1ab50000, 0x21387dc0, 0x21387e00, 0x243ca000)
 Metaspace       used 67454K, capacity 71969K, committed 72064K, reserved 72064K
GC Heap History (10 events):
Event: 3648.334 GC heap before
{Heap before GC invocations=813 (full 32):
 def new generation   total 70336K, used 64472K [0x05600000, 0x0a250000, 0x1ab50000)
  eden space 62528K, 100% used [0x05600000, 0x09310000, 0x09310000)
  from space 7808K,  24% used [0x09ab0000, 0x09c96020, 0x0a250000)
  to   space 7808K,   0% used [0x09310000, 0x09310000, 0x09ab0000)
 tenured generation   total 156136K, used 106609K [0x1ab50000, 0x243ca000, 0x45600000)
   the space 156136K,  68% used [0x1ab50000, 0x2136c600, 0x2136c600, 0x243ca000)
 Metaspace       used 67055K, capacity 71572K, committed 71680K, reserved 72064K
Event: 3648.339 GC heap after
Heap after GC invocations=814 (full 32):
 def new generation   total 70336K, used 2478K [0x05600000, 0x0a250000, 0x1ab50000)
  eden space 62528K,   0% used [0x05600000, 0x05600000, 0x09310000)
  from space 7808K,  31% used [0x09310000, 0x0957b9c8, 0x09ab0000)
  to   space 7808K,   0% used [0x09ab0000, 0x09ab0000, 0x0a250000)
 tenured generation   total 156136K, used 106609K [0x1ab50000, 0x243ca000, 0x45600000)
   the space 156136K,  68% used [0x1ab50000, 0x2136c600, 0x2136c600, 0x243ca000)
 Metaspace       used 67055K, capacity 71572K, committed 71680K, reserved 72064K
}
Event: 3648.423 GC heap before
{Heap before GC invocations=814 (full 32):
 def new generation   total 70336K, used 65006K [0x05600000, 0x0a250000, 0x1ab50000)
  eden space 62528K, 100% used [0x05600000, 0x09310000, 0x09310000)
  from space 7808K,  31% used [0x09310000, 0x0957b9c8, 0x09ab0000)
  to   space 7808K,   0% used [0x09ab0000, 0x09ab0000, 0x0a250000)
 tenured generation   total 156136K, used 106609K [0x1ab50000, 0x243ca000, 0x45600000)
   the space 156136K,  68% used [0x1ab50000, 0x2136c600, 0x2136c600, 0x243ca000)
 Metaspace       used 67055K, capacity 71572K, committed 71680K, reserved 72064K
Event: 3648.427 GC heap after
Heap after GC invocations=815 (full 32):
 def new generation   total 70336K, used 2709K [0x05600000, 0x0a250000, 0x1ab50000)
  eden space 62528K,   0% used [0x05600000, 0x05600000, 0x09310000)
  from space 7808K,  34% used [0x09ab0000, 0x09d556e8, 0x0a250000)
  to   space 7808K,   0% used [0x09310000, 0x09310000, 0x09ab0000)
 tenured generation   total 156136K, used 106719K [0x1ab50000, 0x243ca000, 0x45600000)
   the space 156136K,  68% used [0x1ab50000, 0x21387d30, 0x21387e00, 0x243ca000)
 Metaspace       used 67055K, capacity 71572K, committed 71680K, reserved 72064K
}
Event: 4507.042 GC heap before
{Heap before GC invocations=815 (full 32):
 def new generation   total 70336K, used 65237K [0x05600000, 0x0a250000, 0x1ab50000)
  eden space 62528K, 100% used [0x05600000, 0x09310000, 0x09310000)
  from space 7808K,  34% used [0x09ab0000, 0x09d556e8, 0x0a250000)
  to   space 7808K,   0% used [0x09310000, 0x09310000, 0x09ab0000)
 tenured generation   total 156136K, used 106719K [0x1ab50000, 0x243ca000, 0x45600000)
   the space 156136K,  68% used [0x1ab50000, 0x21387d30, 0x21387e00, 0x243ca000)
 Metaspace       used 67105K, capacity 71648K, committed 71680K, reserved 72064K
Event: 4507.051 GC heap after
Heap after GC invocations=816 (full 32):
 def new generation   total 70336K, used 2406K [0x05600000, 0x0a250000, 0x1ab50000)
  eden space 62528K,   0% used [0x05600000, 0x05600000, 0x09310000)
  from space 7808K,  30% used [0x09310000, 0x095699e8, 0x09ab0000)
  to   space 7808K,   0% used [0x09ab0000, 0x09ab0000, 0x0a250000)
 tenured generation   total 156136K, used 106719K [0x1ab50000, 0x243ca000, 0x45600000)
   the space 156136K,  68% used [0x1ab50000, 0x21387dc0, 0x21387e00, 0x243ca000)
 Metaspace       used 67105K, capacity 71648K, committed 71680K, reserved 72064K
}
Event: 4507.867 GC heap before
{Heap before GC invocations=816 (full 32):
 def new generation   total 70336K, used 64934K [0x05600000, 0x0a250000, 0x1ab50000)
  eden space 62528K, 100% used [0x05600000, 0x09310000, 0x09310000)
  from space 7808K,  30% used [0x09310000, 0x095699e8, 0x09ab0000)
  to   space 7808K,   0% used [0x09ab0000, 0x09ab0000, 0x0a250000)
 tenured generation   total 156136K, used 106719K [0x1ab50000, 0x243ca000, 0x45600000)
   the space 156136K,  68% used [0x1ab50000, 0x21387dc0, 0x21387e00, 0x243ca000)
 Metaspace       used 67294K, capacity 71809K, committed 71936K, reserved 72064K
Event: 4507.879 GC heap after
Heap after GC invocations=817 (full 32):
 def new generation   total 70336K, used 2260K [0x05600000, 0x0a250000, 0x1ab50000)
  eden space 62528K,   0% used [0x05600000, 0x05600000, 0x09310000)
  from space 7808K,  28% used [0x09ab0000, 0x09ce5238, 0x0a250000)
  to   space 7808K,   0% used [0x09310000, 0x09310000, 0x09ab0000)
 tenured generation   total 156136K, used 106719K [0x1ab50000, 0x243ca000, 0x45600000)
   the space 156136K,  68% used [0x1ab50000, 0x21387dc0, 0x21387e00, 0x243ca000)
 Metaspace       used 67294K, capacity 71809K, committed 71936K, reserved 72064K
}
Event: 4508.186 GC heap before
{Heap before GC invocations=817 (full 32):
 def new generation   total 70336K, used 64788K [0x05600000, 0x0a250000, 0x1ab50000)
  eden space 62528K, 100% used [0x05600000, 0x09310000, 0x09310000)
  from space 7808K,  28% used [0x09ab0000, 0x09ce5238, 0x0a250000)
  to   space 7808K,   0% used [0x09310000, 0x09310000, 0x09ab0000)
 tenured generation   total 156136K, used 106719K [0x1ab50000, 0x243ca000, 0x45600000)
   the space 156136K,  68% used [0x1ab50000, 0x21387dc0, 0x21387e00, 0x243ca000)
 Metaspace       used 67412K, capacity 71905K, committed 71936K, reserved 72064K
Event: 4508.192 GC heap after
Heap after GC invocations=818 (full 32):
 def new generation   total 70336K, used 2645K [0x05600000, 0x0a250000, 0x1ab50000)
  eden space 62528K,   0% used [0x05600000, 0x05600000, 0x09310000)
  from space 7808K,  33% used [0x09310000, 0x095a5510, 0x09ab0000)
  to   space 7808K,   0% used [0x09ab0000, 0x09ab0000, 0x0a250000)
 tenured generation   total 156136K, used 106719K [0x1ab50000, 0x243ca000, 0x45600000)
   the space 156136K,  68% used [0x1ab50000, 0x21387dc0, 0x21387e00, 0x243ca000)
 Metaspace       used 67412K, capacity 71905K, committed 71936K, reserved 72064K
}

